0 info it worked if it ends with ok
1 verbose cli [ '/home/rohitt/Documents/scripts/nodenew/bin/node',
1 verbose cli   '/home/rohitt/Documents/scripts/npm',
1 verbose cli   'start' ]
2 info using npm@3.10.10
3 info using node@v6.10.3
4 verbose stack Error: ENOENT: no such file or directory, open '/home/rohitt/Documents/gitclones/winter-of-code/package.json'
4 verbose stack     at Error (native)
5 verbose cwd /home/rohitt/Documents/gitclones/winter-of-code
6 error Linux 4.10.0-38-generic
7 error argv "/home/rohitt/Documents/scripts/nodenew/bin/node" "/home/rohitt/Documents/scripts/npm" "start"
8 error node v6.10.3
9 error npm  v3.10.10
10 error path /home/rohitt/Documents/gitclones/winter-of-code/package.json
11 error code ENOENT
12 error errno -2
13 error syscall open
14 error enoent ENOENT: no such file or directory, open '/home/rohitt/Documents/gitclones/winter-of-code/package.json'
15 error enoent ENOENT: no such file or directory, open '/home/rohitt/Documents/gitclones/winter-of-code/package.json'
15 error enoent This is most likely not a problem with npm itself
15 error enoent and is related to npm not being able to find a file.
16 verbose exit [ -2, true ]
